<?xml version="1.0" encoding="UTF-8" ?>
<testsuite errors="15" failures="0" hostname="R0131678" name="org.LexGrid.LexBIG.Impl.function.history.TestProductionTags" tests="16" time="13.016" timestamp="2008-06-04T16:44:37">
  <properties>
[...]
</properties>
  <testcase classname="org.LexGrid.LexBIG.Impl.function.history.TestProductionTags" name="testProductionTags01" time="3.234">
    <error message="Can&apos;t Call this via a caGrid Service" type="org.LexGrid.LexBIG.Exceptions.LBException">org.LexGrid.LexBIG.Exceptions.LBException: Can&apos;t Call this via a caGrid Service
	at org.LexGrid.LexBIG.cagrid.LexBIGCaGridServices.client.LexBIGCaGridServiceAdapter.getServiceManager(LexBIGCaGridServiceAdapter.java:163)
	at org.LexGrid.LexBIG.Impl.function.history.TestProductionTags.testProductionTags01(TestProductionTags.java:83)
</error>
  </testcase>
  <testcase classname="org.LexGrid.LexBIG.Impl.function.history.TestProductionTags" name="testProductionTags02" time="0.015">
    <error message="Can&apos;t Call this via a caGrid Service" type="org.LexGrid.LexBIG.Exceptions.LBException">org.LexGrid.LexBIG.Exceptions.LBException: Can&apos;t Call this via a caGrid Service
	at org.LexGrid.LexBIG.cagrid.LexBIGCaGridServices.client.LexBIGCaGridServiceAdapter.getServiceManager(LexBIGCaGridServiceAdapter.java:163)
	at org.LexGrid.LexBIG.Impl.function.history.TestProductionTags.testProductionTags02(TestProductionTags.java:118)
</error>
  </testcase>
  <testcase classname="org.LexGrid.LexBIG.Impl.function.history.TestProductionTags" name="testProductionTags03" time="7.172">
    <error message="java.rmi.RemoteException: Error looking up CodedNodeSet home:null; nested exception is: 
	java.rmi.RemoteException" type="org.LexGrid.LexBIG.Exceptions.LBException">org.LexGrid.LexBIG.Exceptions.LBException: java.rmi.RemoteException: Error looking up CodedNodeSet home:null; nested exception is: 
	java.rmi.RemoteException
	at org.LexGrid.LexBIG.cagrid.LexBIGCaGridServices.client.LexBIGCaGridServiceAdapter.getCodingSchemeConcepts(LexBIGCaGridServiceAdapter.java:80)
	at org.LexGrid.LexBIG.Impl.function.history.TestProductionTags.testProductionTags03(TestProductionTags.java:144)
</error>
  </testcase>
  <testcase classname="org.LexGrid.LexBIG.Impl.function.history.TestProductionTags" name="testProductionTags04" time="0.234">
    <error message="java.rmi.RemoteException: Error looking up CodedNodeSet home:null; nested exception is: 
	java.rmi.RemoteException" type="org.LexGrid.LexBIG.Exceptions.LBException">org.LexGrid.LexBIG.Exceptions.LBException: java.rmi.RemoteException: Error looking up CodedNodeSet home:null; nested exception is: 
	java.rmi.RemoteException
	at org.LexGrid.LexBIG.cagrid.LexBIGCaGridServices.client.LexBIGCaGridServiceAdapter.getCodingSchemeConcepts(LexBIGCaGridServiceAdapter.java:80)
	at org.LexGrid.LexBIG.Impl.function.history.TestProductionTags.testProductionTags04(TestProductionTags.java:164)
</error>
  </testcase>
  <testcase classname="org.LexGrid.LexBIG.Impl.function.history.TestProductionTags" name="testProductionTags05" time="0.141">
    <error message="java.rmi.RemoteException: Error looking up CodedNodeGraph home:null; nested exception is: 
	java.rmi.RemoteException" type="org.LexGrid.LexBIG.Exceptions.LBException">org.LexGrid.LexBIG.Exceptions.LBException: java.rmi.RemoteException: Error looking up CodedNodeGraph home:null; nested exception is: 
	java.rmi.RemoteException
	at org.LexGrid.LexBIG.cagrid.LexBIGCaGridServices.client.LexBIGCaGridServiceAdapter.getNodeGraph(LexBIGCaGridServiceAdapter.java:155)
	at org.LexGrid.LexBIG.Impl.function.history.TestProductionTags.testProductionTags05(TestProductionTags.java:183)
</error>
  </testcase>
  <testcase classname="org.LexGrid.LexBIG.Impl.function.history.TestProductionTags" name="testProductionTags06" time="0.109">
    <error message="java.rmi.RemoteException: Error looking up CodedNodeGraph home:null; nested exception is: 
	java.rmi.RemoteException" type="org.LexGrid.LexBIG.Exceptions.LBException">org.LexGrid.LexBIG.Exceptions.LBException: java.rmi.RemoteException: Error looking up CodedNodeGraph home:null; nested exception is: 
	java.rmi.RemoteException
	at org.LexGrid.LexBIG.cagrid.LexBIGCaGridServices.client.LexBIGCaGridServiceAdapter.getNodeGraph(LexBIGCaGridServiceAdapter.java:155)
	at org.LexGrid.LexBIG.Impl.function.history.TestProductionTags.testProductionTags06(TestProductionTags.java:251)
</error>
  </testcase>
  <testcase classname="org.LexGrid.LexBIG.Impl.function.history.TestProductionTags" name="testProductionTags07" time="0.0">
    <error message="Can&apos;t Call this via a caGrid Service" type="org.LexGrid.LexBIG.Exceptions.LBException">org.LexGrid.LexBIG.Exceptions.LBException: Can&apos;t Call this via a caGrid Service
	at org.LexGrid.LexBIG.cagrid.LexBIGCaGridServices.client.LexBIGCaGridServiceAdapter.getServiceManager(LexBIGCaGridServiceAdapter.java:163)
	at org.LexGrid.LexBIG.Impl.function.history.TestProductionTags.testProductionTags07(TestProductionTags.java:296)
</error>
  </testcase>
  <testcase classname="org.LexGrid.LexBIG.Impl.function.history.TestProductionTags" name="testProductionTags08" time="0.265">
    <error message="java.rmi.RemoteException: Error looking up CodedNodeSet home:null; nested exception is: 
	java.rmi.RemoteException" type="org.LexGrid.LexBIG.Exceptions.LBException">org.LexGrid.LexBIG.Exceptions.LBException: java.rmi.RemoteException: Error looking up CodedNodeSet home:null; nested exception is: 
	java.rmi.RemoteException
	at org.LexGrid.LexBIG.cagrid.LexBIGCaGridServices.client.LexBIGCaGridServiceAdapter.getCodingSchemeConcepts(LexBIGCaGridServiceAdapter.java:80)
	at org.LexGrid.LexBIG.Impl.function.history.TestProductionTags.testProductionTags08(TestProductionTags.java:318)
</error>
  </testcase>
  <testcase classname="org.LexGrid.LexBIG.Impl.function.history.TestProductionTags" name="testProductionTags09" time="0.109">
    <error message="java.rmi.RemoteException: Error looking up CodedNodeSet home:null; nested exception is: 
	java.rmi.RemoteException" type="org.LexGrid.LexBIG.Exceptions.LBException">org.LexGrid.LexBIG.Exceptions.LBException: java.rmi.RemoteException: Error looking up CodedNodeSet home:null; nested exception is: 
	java.rmi.RemoteException
	at org.LexGrid.LexBIG.cagrid.LexBIGCaGridServices.client.LexBIGCaGridServiceAdapter.getCodingSchemeConcepts(LexBIGCaGridServiceAdapter.java:80)
	at org.LexGrid.LexBIG.Impl.function.history.TestProductionTags.testProductionTags09(TestProductionTags.java:337)
</error>
  </testcase>
  <testcase classname="org.LexGrid.LexBIG.Impl.function.history.TestProductionTags" name="testProductionTags10" time="0.109">
    <error message="java.rmi.RemoteException: Error looking up CodedNodeGraph home:null; nested exception is: 
	java.rmi.RemoteException" type="org.LexGrid.LexBIG.Exceptions.LBException">org.LexGrid.LexBIG.Exceptions.LBException: java.rmi.RemoteException: Error looking up CodedNodeGraph home:null; nested exception is: 
	java.rmi.RemoteException
	at org.LexGrid.LexBIG.cagrid.LexBIGCaGridServices.client.LexBIGCaGridServiceAdapter.getNodeGraph(LexBIGCaGridServiceAdapter.java:155)
	at org.LexGrid.LexBIG.Impl.function.history.TestProductionTags.testProductionTags10(TestProductionTags.java:355)
</error>
  </testcase>
  <testcase classname="org.LexGrid.LexBIG.Impl.function.history.TestProductionTags" name="testProductionTags11" time="0.109">
    <error message="java.rmi.RemoteException: Error looking up CodedNodeGraph home:null; nested exception is: 
	java.rmi.RemoteException" type="org.LexGrid.LexBIG.Exceptions.LBException">org.LexGrid.LexBIG.Exceptions.LBException: java.rmi.RemoteException: Error looking up CodedNodeGraph home:null; nested exception is: 
	java.rmi.RemoteException
	at org.LexGrid.LexBIG.cagrid.LexBIGCaGridServices.client.LexBIGCaGridServiceAdapter.getNodeGraph(LexBIGCaGridServiceAdapter.java:155)
	at org.LexGrid.LexBIG.Impl.function.history.TestProductionTags.testProductionTags11(TestProductionTags.java:395)
</error>
  </testcase>
  <testcase classname="org.LexGrid.LexBIG.Impl.function.history.TestProductionTags" name="testProductionTags12" time="0.0">
    <error message="Can&apos;t Call this via a caGrid Service" type="org.LexGrid.LexBIG.Exceptions.LBException">org.LexGrid.LexBIG.Exceptions.LBException: Can&apos;t Call this via a caGrid Service
	at org.LexGrid.LexBIG.cagrid.LexBIGCaGridServices.client.LexBIGCaGridServiceAdapter.getServiceManager(LexBIGCaGridServiceAdapter.java:163)
	at org.LexGrid.LexBIG.Impl.function.history.TestProductionTags.testProductionTags12(TestProductionTags.java:442)
</error>
  </testcase>
  <testcase classname="org.LexGrid.LexBIG.Impl.function.history.TestProductionTags" name="testProductionTags13" time="0.11" />
  <testcase classname="org.LexGrid.LexBIG.Impl.function.history.TestProductionTags" name="testProductionTags14" time="0.016">
    <error message="Can&apos;t Call this via a caGrid Service" type="org.LexGrid.LexBIG.Exceptions.LBException">org.LexGrid.LexBIG.Exceptions.LBException: Can&apos;t Call this via a caGrid Service
	at org.LexGrid.LexBIG.cagrid.LexBIGCaGridServices.client.LexBIGCaGridServiceAdapter.getServiceManager(LexBIGCaGridServiceAdapter.java:163)
	at org.LexGrid.LexBIG.Impl.function.history.TestProductionTags.testProductionTags14(TestProductionTags.java:487)
</error>
  </testcase>
  <testcase classname="org.LexGrid.LexBIG.Impl.function.history.TestProductionTags" name="testProductionTags14b" time="0.11">
    <error message="java.rmi.RemoteException: Error looking up CodedNodeSet home:null; nested exception is: 
	java.rmi.RemoteException" type="org.LexGrid.LexBIG.Exceptions.LBException">org.LexGrid.LexBIG.Exceptions.LBException: java.rmi.RemoteException: Error looking up CodedNodeSet home:null; nested exception is: 
	java.rmi.RemoteException
	at org.LexGrid.LexBIG.cagrid.LexBIGCaGridServices.client.LexBIGCaGridServiceAdapter.getCodingSchemeConcepts(LexBIGCaGridServiceAdapter.java:80)
	at org.LexGrid.LexBIG.Impl.function.history.TestProductionTags.testProductionTags14b(TestProductionTags.java:503)
</error>
  </testcase>
  <testcase classname="org.LexGrid.LexBIG.Impl.function.history.TestProductionTags" name="testProductionTags15" time="0.156">
    <error message="Can&apos;t Call this via a caGrid Service" type="org.LexGrid.LexBIG.Exceptions.LBException">org.LexGrid.LexBIG.Exceptions.LBException: Can&apos;t Call this via a caGrid Service
	at org.LexGrid.LexBIG.cagrid.LexBIGCaGridServices.client.LexBIGCaGridServiceAdapter.getServiceManager(LexBIGCaGridServiceAdapter.java:163)
	at org.LexGrid.LexBIG.Impl.function.TestUtil.removeScheme(TestUtil.java:142)
	at org.LexGrid.LexBIG.Impl.function.history.TestProductionTags.testProductionTags15(TestProductionTags.java:524)
</error>
  </testcase>
  <system-out><![CDATA[]]></system-out>
  <system-err><![CDATA[]]></system-err>
</testsuite>
